Using pre-set license
Built from '2020.3/china_unity/release' branch; Version is '2020.3.1f1c1 (3e9f4b065a9d) revision 4104011'; Using compiler version '192528614'; Build Type 'Release'
OS: 'Windows 10 Home China; OS build 18363.1556; Version 1909; 64bit' Language: 'zh' Physical Memory: 8065 MB
BatchMode: 1, IsHumanControllingUs: 0, StartBugReporterOnCrash: 0, Is64bit: 1, IsPro: 0

 COMMAND LINE ARGUMENTS:
D:\Unity Package\2020.3.1f1c1\Editor\Unity.exe
-adb2
-batchMode
-noUpm
-name
AssetImportWorker0
-projectPath
D:/Documents/GitHub/Colaplanet
-logFile
Logs/AssetImportWorker0.log
-srvPort
62788
Successfully changed project path to: D:/Documents/GitHub/Colaplanet
D:/Documents/GitHub/Colaplanet
Using Asset Import Pipeline V2.
Refreshing native plugins compatible for Editor in 36.78 ms, found 1 plugins.
Preloading 0 native plugins for Editor in 0.00 ms.
Initialize engine version: 2020.3.1f1c1 (3e9f4b065a9d)
[Subsystems] Discovering subsystems at path D:/Unity Package/2020.3.1f1c1/Editor/Data/Resources/UnitySubsystems
[Subsystems] Discovering subsystems at path D:/Documents/GitHub/Colaplanet/Assets
GfxDevice: creating device client; threaded=0
Direct3D:
    Version:  Direct3D 11.0 [level 11.1]
    Renderer: NVIDIA GeForce GTX 1050 Ti (ID=0x1c8c)
    Vendor:   
    VRAM:     4018 MB
    Driver:   27.21.14.5749
Initialize mono
Mono path[0] = 'D:/Unity Package/2020.3.1f1c1/Editor/Data/Managed'
Mono path[1] = 'D:/Unity Package/2020.3.1f1c1/Editor/Data/MonoBleedingEdge/lib/mono/unityjit'
Mono config path = 'D:/Unity Package/2020.3.1f1c1/Editor/Data/MonoBleedingEdge/etc'
Using monoOptions --debugger-agent=transport=dt_socket,embedding=1,server=y,suspend=n,address=127.0.0.1:56816
Begin MonoManager ReloadAssembly
Registering precompiled unity dll's ...
Register platform support module: D:/Unity Package/2020.3.1f1c1/Editor/Data/PlaybackEngines/WindowsStandaloneSupport/UnityEditor.WindowsStandalone.Extensions.dll
Registered in 0.002201 seconds.
Native extension for WindowsStandalone target not found
Refreshing native plugins compatible for Editor in 35.70 ms, found 1 plugins.
Preloading 0 native plugins for Editor in 0.00 ms.
Invoked RoslynAnalysisRunner static constructor.
RoslynAnalysisRunner will not be running.
RoslynAnalysisRunner has terminated.
Mono: successfully reloaded assembly
- Completed reload, in  0.875 seconds
Platform modules already initialized, skipping
Registering precompiled user dll's ...
Registered in 0.001066 seconds.
Begin MonoManager ReloadAssembly
Native extension for WindowsStandalone target not found
Refreshing native plugins compatible for Editor in 37.95 ms, found 1 plugins.
Preloading 0 native plugins for Editor in 0.00 ms.
Invoked RoslynAnalysisRunner static constructor.
RoslynAnalysisRunner will not be running.
RoslynAnalysisRunner has terminated.
Mono: successfully reloaded assembly
- Completed reload, in  0.871 seconds
Platform modules already initialized, skipping
========================================================================
Worker process is ready to serve import requests
Launched and connected shader compiler UnityShaderCompiler.exe after 0.07 seconds
Refreshing native plugins compatible for Editor in 0.35 ms, found 1 plugins.
Preloading 0 native plugins for Editor in 0.00 ms.
Unloading 1840 Unused Serialized files (Serialized files now loaded: 0)
System memory in use before: 88.2 MB.
System memory in use after: 88.3 MB.

Unloading 19 unused Assets to reduce memory usage. Loaded Objects now: 2291.
Total: 2.248100 ms (FindLiveObjects: 0.275300 ms CreateObjectMapping: 0.216000 ms MarkObjects: 1.689900 ms  DeleteObjects: 0.065600 ms)

========================================================================
Received Import Request.
  path: Assets/prefabs/button.prefab
  artifactKey: Guid(c7952809688add34da0506607aa8d345) Importer(815301076,1909f56bfc062723c751e8b465ee728b)
Start importing Assets/prefabs/button.prefab using Guid(c7952809688add34da0506607aa8d345) Importer(815301076,1909f56bfc062723c751e8b465ee728b)  -> (artifact id: '70fff58ae88170e6c7aca210ccc48736') in 0.138332 seconds
  Import took 0.141396 seconds .

========================================================================
Received Import Request.
  Time since last request: 0.132744 seconds.
  path: Assets/prefabs/button.prefab
  artifactKey: Guid(c7952809688add34da0506607aa8d345) Importer(815301076,1909f56bfc062723c751e8b465ee728b)
Start importing Assets/prefabs/button.prefab using Guid(c7952809688add34da0506607aa8d345) Importer(815301076,1909f56bfc062723c751e8b465ee728b)  -> (artifact id: '70fff58ae88170e6c7aca210ccc48736') in 0.016877 seconds
  Import took 0.020438 seconds .

========================================================================
Received Prepare
Registering precompiled user dll's ...
Registered in 0.001114 seconds.
Begin MonoManager ReloadAssembly
Native extension for WindowsStandalone target not found
Refreshing native plugins compatible for Editor in 0.37 ms, found 1 plugins.
Preloading 0 native plugins for Editor in 0.00 ms.
Invoked RoslynAnalysisRunner static constructor.
RoslynAnalysisRunner will not be running.
RoslynAnalysisRunner has terminated.
Mono: successfully reloaded assembly
- Completed reload, in  0.780 seconds
Platform modules already initialized, skipping
Refreshing native plugins compatible for Editor in 0.37 ms, found 1 plugins.
Preloading 0 native plugins for Editor in 0.00 ms.
Unloading 1828 Unused Serialized files (Serialized files now loaded: 0)
System memory in use before: 90.8 MB.
System memory in use after: 90.9 MB.

Unloading 7 unused Assets to reduce memory usage. Loaded Objects now: 2302.
Total: 1.985000 ms (FindLiveObjects: 0.208000 ms CreateObjectMapping: 0.073100 ms MarkObjects: 1.687200 ms  DeleteObjects: 0.015500 ms)

========================================================================
Received Prepare
Registering precompiled user dll's ...
Registered in 0.002163 seconds.
Begin MonoManager ReloadAssembly
Native extension for WindowsStandalone target not found
Refreshing native plugins compatible for Editor in 0.56 ms, found 1 plugins.
Preloading 0 native plugins for Editor in 0.00 ms.
Invoked RoslynAnalysisRunner static constructor.
RoslynAnalysisRunner will not be running.
RoslynAnalysisRunner has terminated.
Mono: successfully reloaded assembly
- Completed reload, in  0.967 seconds
Platform modules already initialized, skipping
Refreshing native plugins compatible for Editor in 0.53 ms, found 1 plugins.
Preloading 0 native plugins for Editor in 0.00 ms.
Unloading 1828 Unused Serialized files (Serialized files now loaded: 0)
System memory in use before: 90.8 MB.
System memory in use after: 90.9 MB.

Unloading 7 unused Assets to reduce memory usage. Loaded Objects now: 2306.
Total: 3.230400 ms (FindLiveObjects: 0.262100 ms CreateObjectMapping: 0.180400 ms MarkObjects: 2.758200 ms  DeleteObjects: 0.028100 ms)

========================================================================
Received Import Request.
  Time since last request: 1948.091988 seconds.
  path: Assets/MonsterControl/MonsterControl1.cs
  artifactKey: Guid(0bcd7cd027ca1754db155515e0d88871) Importer(815301076,1909f56bfc062723c751e8b465ee728b)
Start importing Assets/MonsterControl/MonsterControl1.cs using Guid(0bcd7cd027ca1754db155515e0d88871) Importer(815301076,1909f56bfc062723c751e8b465ee728b)  -> (artifact id: 'da01dbce56ff7b334f9a8ec22c12877b') in 0.013733 seconds
  Import took 0.049224 seconds .

AssetImportWorkerClient::OnTransportError - code=2 error=End of file
